Vulnerability:

The vulnerability in this code is that the error handling of the function `index_insert` is currently very fragile. Instead of erroring out in case an error has happened, it will instead verify that no error has happened for each statement. This makes adding new code to that function an adventurous task.

Summary of the Fix:

The fix is to improve the error handling of the `index_insert` function by converting it to use the typical `goto out` pattern.

Detailed Description of the Fix:

1. The function starts by declaring the variables `path_length`, `position`, and `error`.

2. It then makes sure that the path length flag is correct.

3. Next, it updates the flags of the entry to indicate that it is up-to-date and doesn't need to be checked for raciness.

4. The function then sorts the index entries.

5. It checks if an entry with the same path already exists in the index.

6. The function updates the file mode of the entry. If `trust_mode` is true, it uses the entry's mode as is. Otherwise, it merges the mode with the mode of the best entry found in the index.

7. If `trust_path` is false, the function calls `canonicalize_directory_path` to canonicalize the directory name of the entry. If this function returns an error, the function jumps to the `out` label.

8. The function checks if the given id exists, unless it's a submodule. If the id doesn't exist, the function sets the error variable to -1 and jumps to the `out` label.

9. The function calls `check_file_directory_collision` to look for tree / blob name collisions and remove conflicts if requested. If this function returns an error, the function jumps to the `out` label.

10. If an existing entry already exists and `replace` is true, the function overwrites the existing entry with the new entry and returns the existing entry. Note that the path of the existing entry is only updated if `trust_path` is true.

11. If an existing entry exists and `replace` is false, the function frees the new entry and sets `*entry_ptr` to point to the existing entry.

12. If no existing entry exists, the function inserts the new entry at the sorted position. If there's an error during insertion, the function jumps to the `out` label.

13. The function updates the index map and sets the `dirty` flag of the index to indicate that it has been modified.

14. Finally, if there was an error during any of the previous steps, the function frees the new entry and sets `*entry_ptr` to NULL.

15. The function returns the error value.

Overall, the fix replaces the fragile error handling with a more robust pattern using the `goto out` label. This allows for easier addition of new code to the function and improves the overall reliability of the error handling.