Vulnerability:
The vulnerability in the given diff file is a potential undefined behavior that results in UBSan (undefined behavior sanitizer) errors. 

Summary of the Fix:
The fix in the diff file avoids the UBSan errors by utilizing a C99 flexible array member.

Detailed Description of the Fix:
In the original code, the `struct _xmlDefAttrs` has a fixed-size array `const xmlChar *values[5]` to store the local name, prefix, value, and external. However, this fixed-size array can lead to spurious UBSan errors.

To fix this, the code is modified to use a C99 flexible array member if the C99 standard is supported (`__STDC_VERSION__ >= 199901L`). A C99 flexible array member allows an array with a size of zero to be declared as the last member of a struct. This avoids the UBSan errors.

With the fix applied, the `struct _xmlDefAttrs` is defined as follows:

```c
typedef xmlDefAttrs *xmlDefAttrsPtr;

struct _xmlDefAttrs {
    int nbAttrs;                /* number of defaulted attributes on that element */
    int maxAttrs;               /* the size of the array */
#if __STDC_VERSION__ >= 199901L
    /* Using a C99 flexible array member avoids UBSan errors. */
    const xmlChar *values[];    /* array of localname/prefix/values/external */
#else
    const xmlChar *values[5];
#endif
};
```

This fix ensures that the `struct _xmlDefAttrs` uses a flexible array member if supported, preventing the potential undefined behavior and avoiding the UBSan errors.