The vulnerability that could be patched in the given diff file is a potential command injection vulnerability due to improper handling of user input.

Summary of the fix: The fix added proper input validation and sanitization to prevent command injection attacks.

Detailed description of the fix:
1. The fix added input validation to ensure that the `args` parameter is not empty and is not equal to `"."`.
2. If the `args` parameter starts with `"."`, the variable `printHere` is set to `true`.
3. The fix added a check to validate the architecture type (`is_arm`), and a check to validate the `bin_demangle` configuration setting.
4. Before iterating over the symbols, the fix obtains the list of symbols from `r_bin_get_symbols` and pushes the `"bin"` meta space onto the `r->anal->meta_spaces` list.
5. The fix checks the mode of operation and prints the appropriate output depending on the mode.
6. Inside the symbol iteration loop, the fix performs various checks and operations depending on the mode:
   a. If the mode is set, the fix skips section symbols and file symbols.
   b. If the mode is set and the symbol is a special symbol, the fix invokes the `handle_arm_special_symbol` function for ARM architecture.
   c. If the mode is set, the fix invokes the `handle_arm_symbol` function for ARM architecture and selects the flag space for the symbol.
   d. If the symbol has a class name, the fix modifies the flag item's real name and unsets the flag if its offset matches the symbol address.
   e. If the symbol does not have a class name, the fix sets the flag with the demangled name or the original name, depending on availability.
   f. If the symbol has a demangled name, the fix adds it as a comment to the meta data.
   g. If the mode is JSON, the fix escapes and prints the symbol information in JSON format.
   h. If the mode is SIMPLE, the fix prints the symbol information in a simplified format.
   i. If the mode is SIMPLEST, the fix prints only the symbol name.
   j. If the mode is RAD, the fix prints the symbol information in RAD format, skipping special symbols. It also prints other related information, like file name and PE module information.
   k. For all other modes, the fix prints the symbol information in a specific format.
7. After the symbol iteration, the fix handles the entry points for ARM architecture if the mode is set.
8. Finally, the fix finishes by popping the `"bin"` meta space from the `r->anal->meta_spaces` list and returns a true value.

Overall, the fix adds proper input validation, handles different modes of operation, and ensures that the symbol information is properly processed and printed, without exposing the code to command injection vulnerabilities.