Vulnerability:

In the given diff file, there is a vulnerability related to the `detail->groups[]` array. 

In the `fillDetails()` function, there are two instances where values are being assigned to the `detail->groups[]` array. However, the assignment is done without checking the bounds of the array. 

Before the fix, the `detail->groups[]` array is indexed using a constant value (0) without ensuring that the index does not exceed the array bounds. This can lead to a buffer overflow vulnerability, where if the `detail->groups_count` is not properly checked and incremented, it can result in writing to memory locations beyond the bounds of the `detail->groups[]` array.


Fix:

The fix for this vulnerability involves using the correct index when assigning values to the `detail->groups[]` array. Instead of always using index 0, we should use the `detail->groups_count` as the index to correctly assign values to the array.

In the first instance, we should replace the line:
```
detail->groups[0] = insinfo.group_type;
```
with:
```
detail->groups[detail->groups_count] = insinfo.group_type;
```

In the second instance, we should replace the line:
```
detail->groups[0] = MOS65XX_GRP_BRANCH_RELATIVE;
```
with:
```
detail->groups[detail->groups_count] = MOS65XX_GRP_BRANCH_RELATIVE;
```

This fix ensures that the values are correctly assigned to the `detail->groups[]` array without causing a buffer overflow vulnerability.


Detailed fix description:

The vulnerability in the code arises due to the lack of bound checking when indexing the `detail->groups[]` array. The fix involves using the `detail->groups_count` variable as the index to correctly assign values to the array.

The `detail->groups_count` variable is initially set to 0. When values should be assigned to the `detail->groups[]` array, instead of using a fixed index of 0, the `detail->groups_count` variable should be used. This ensures that the values are assigned to the next available index in the array.

By making this change, the fixed code ensures that the values are correctly assigned to the `detail->groups[]` array without causing a buffer overflow vulnerability.