Vulnerability:
The vulnerability in the provided diff file is related to an insecure comparison in the `ReadRectangle` function of the `pict.c` file.

Summary of the Fix:
The fix changes the condition in the if statement to correctly check for the presence of a specific bit pattern in the rectangle coordinates.

Detailed Description of the Fix:
In the original code, the if statement contained multiple conditions to check whether the rectangle is valid or not. However, there was an insecure comparison that allowed the rectangle coordinates to contain a bit pattern that would be considered valid even if it shouldn't.

The original condition was as follows:
```
if ((EOFBlob(image) != MagickFalse) || 
    ((rectangle->bottom-rectangle->top) <= 0) ||
    ((rectangle->right-rectangle->left) <= 0))
```

The fix updates the if statement to correctly check for the presence of a specific bit pattern in the rectangle coordinates. The fixed condition is as follows:
```
if (((EOFBlob(image) != MagickFalse) ||
    (((rectangle->bottom | rectangle->top |
       rectangle->right | rectangle->left ) & 0x8000) != 0) ||
    (rectangle->bottom <= rectangle->top) ||
    (rectangle->right <= rectangle->left)))
```

This update ensures that the rectangle's top, bottom, left, and right coordinates are all valid and within the required range before proceeding with further code execution.