Vulnerability:
The vulnerability in the given diff file is related to the parsing of X.509v3 BasicConstraints. The issue is that the handling of the optional pathLenConstraint after cA (a BOOLEAN field denoting the certificate being a CA or not) is not done properly. The code compares the position after cA to the end of the available buffer, rather than comparing it to the end of the SEQUENCE data. This incorrect comparison could lead to the misinterpretation of the presence of the optional pathLenConstraint. Additionally, the calculation of the length of the remaining buffer when parsing pathLenConstraint is also incorrect, as it fails to subtract the length of the header fields needed for cA. Consequently, this can result in reading a couple of octets beyond the end of the buffer before rejecting the ASN.1 data as invalid.

Fix Summary:
The fix corrects the comparison of the position after cA by comparing it to the end of the SEQUENCE data instead of the end of the available buffer. The fix also correctly calculates the length of the remaining buffer when parsing pathLenConstraint by subtracting the length of the header fields needed for cA. These changes ensure that the parsing of X.509v3 BasicConstraints is done properly, preventing the vulnerability.

Detailed Fix Explanation:
1. The variable `end_seq` is introduced to store the end position of the SEQUENCE data.
   ```diff
   const u8 *end_seq;
   ```
2. Modify the comparison of the end position after cA to use the `end_seq` variable.
   ```diff
   if (pos >= end_seq) {
       /* No optional pathLenConstraint */
       wpa_printf(MSG_DEBUG, "X509: BasicConstraints - cA=%d", cert->ca);
       return 0;
   }
   ```
3. Adjust the 'pos' pointer to point to the correct position for further parsing.
   ```diff
   pos = hdr.payload + hdr.length;
   ```
4. Modify the length argument for the `asn1_get_next` function to ensure correct parsing of pathLenConstraint.
   ```diff
   if (asn1_get_next(pos, end_seq - pos, &hdr) < 0 ||
       hdr.class != ASN1_CLASS_UNIVERSAL) {
       wpa_printf(MSG_DEBUG, "X509: Failed to parse BasicConstraints");
       return -1;
   }
   ```
5. The vulnerability is patched by these changes, ensuring that the parsing of X.509v3 BasicConstraints is done correctly. The optional pathLenConstraint is properly handled, and the length of the remaining buffer is calculated accurately, preventing the misinterpretation of the data and avoiding reading beyond the buffer's end.