Vulnerability:
The vulnerability that was patched in this diff file is that the `serialize` function in the `ClassDefFormat1` struct did not handle the case where the `classValue.serialize` call fails. This means that if the `classValue` array does not successfully serialize, the function would incorrectly return `true`, indicating success, instead of returning `false` to indicate failure.

Summary of the fix:
The fix updates the `serialize` function in the `ClassDefFormat1` struct to properly handle the failure case when serializing the `classValue` array. If the serialization process fails, the function now returns `false` instead of `true`.

Detailed description of the fix:
The fix involves modifying the `serialize` function in the `ClassDefFormat1` struct. Previously, the function would call the `classValue.serialize` function and incorrectly assume that it always succeeds. The fix introduces a check to see if the serialization process fails, and if it does, the function immediately returns `false`, indicating failure.

Here is the updated code:

```cpp
bool serialize (hb_serialize_context_t *c, Iterator it)
{
  TRACE_SERIALIZE (this);
  if (unlikely (!c->extend_min (*this))) return_trace (false);

  if (unlikely (!it))
  {
    startGlyph = 0;
    classValue.len = 0;
    return_trace (true);
  }

  hb_codepoint_t glyph_min = (*it).first;
  hb_codepoint_t glyph_max = + it
                             | hb_map (hb_first)
                             | hb_reduce (hb_max, 0u);
  unsigned glyph_count = glyph_max - glyph_min + 1;

  startGlyph = glyph_min;
  if (unlikely (!classValue.serialize (c, glyph_count))) return_trace (false); // Updated line
  for (const hb_pair_t<hb_codepoint_t, unsigned>& gid_klass_pair : + it)
  {
    unsigned idx = gid_klass_pair.first - glyph_min;
    classValue[idx] = gid_klass_pair.second;
  }
  return_trace (true);
}
```

Now, if the serialization of the `classValue` array fails, the function will immediately return `false` instead of incorrectly returning `true`.