Vulnerability:
The vulnerability in the given diff file is that the `test_socket_options_fuzzer` function is not working correctly.

Summary of Fix:
The fix for the vulnerability is to update the code in the `test_socket_options_fuzzer` function to ensure that it works properly.

Detailed Description of Fix:
1. In the fix, the following code is added at the beginning of the `LLVMFuzzerTestOneInput` function:
   ```cpp
   void *ctx = zmq_ctx_new ();
   TEST_ASSERT_NOT_NULL (ctx);
   void *server = zmq_socket (ctx, ZMQ_XPUB);
   TEST_ASSERT_NOT_NULL (server);
   ```
   This code initializes a ZeroMQ context `ctx` and creates a publisher socket `server` of type `ZMQ_XPUB`.

2. The check `if (!size)` is added after the above code. If the `size` is 0, the function returns 0. This check ensures that the function doesn't proceed if the input size is 0.

3. The loop that sets and gets socket options is modified as follows:
   ```cpp
   for (option = ZMQ_AFFINITY; option <= LAST_OPTION; ++option) {
       uint8_t out[8192];
       size_t out_size = 8192;

       zmq_setsockopt (server, option, data, size);
       zmq_getsockopt (server, option, out, &out_size);
   }
   ```
   The loop iterates over socket options from `ZMQ_AFFINITY` to `LAST_OPTION` and sets the option value using `zmq_setsockopt`. It then retrieves the option value using `zmq_getsockopt`. The `LAST_OPTION` macro is defined to be `ZMQ_DISCONNECT_MSG` if it is available, otherwise it is set to `ZMQ_BINDTODEVICE`. The option value is set using the `data` and `size` parameters passed to the `LLVMFuzzerTestOneInput` function.

4. At the end of the function, the following code is added to clean up the resources:
   ```cpp
   zmq_close (server);
   zmq_ctx_term (ctx);
   ```
   The `zmq_close` function is used to close the `server` socket, and the `zmq_ctx_term` function is used to terminate the ZeroMQ context `ctx`.

5. The `test_socket_options_fuzzer` function is not modified in the fix. It remains the same as before and is responsible for testing the fuzzer on different input cases by encoding the data and length of the input cases.

These modifications fix the issue with the `test_socket_options_fuzzer` function and ensure that it works correctly.