Vulnerability:
The vulnerability in the code is a use-after-free bug. The function `xmlTextReaderFreeProp` is responsible for freeing properties in an XML document. However, there is a check for ID removal that can lead to invalid references. Specifically, if the parent of the current attribute has an internal or external subset and the attribute is a reference, then the function `xmlTextReaderRemoveRef` is called. But the problem is that the attribute may have been freed before this check is made, resulting in a use-after-free error.

Summary of the Fix:
The fix corrects the use-after-free bug by changing the condition for calling `xmlTextReaderRemoveRef`. Instead of checking if the attribute has a parent with an internal or external subset, the fix simply checks if the parent attribute is not NULL. This ensures that the check is performed only when the attribute is still valid.

Detailed Description of the Fix:
Previously, the code had the following check:

```
if ((cur->parent != NULL) && (cur->parent->doc != NULL) &&
    ((cur->parent->doc->intSubset != NULL) ||
     (cur->parent->doc->extSubset != NULL))) {
    if (xmlIsID(cur->parent->doc, cur->parent, cur))
        xmlTextReaderRemoveID(cur->parent->doc, cur);
    if (xmlIsRef(cur->parent->doc, cur->parent, cur))
        xmlTextReaderRemoveRef(cur->parent->doc, cur);
}
```

The fix changes the check to:

```
if (cur->parent != NULL) {
    if (xmlIsID(cur->parent->doc, cur->parent, cur))
        xmlTextReaderRemoveID(cur->parent->doc, cur);
    if (xmlIsRef(cur->parent->doc, cur->parent, cur))
        xmlTextReaderRemoveRef(cur->parent->doc, cur);
}
```

By removing the condition that checks for internal or external subsets, the fix ensures that the use-after-free error is avoided.