Vulnerability:
The vulnerability patched in the provided diff file is related to the `StringView::operator==(const char*)` function. It compares the characters in the `StringView` instance with the characters in the provided null-terminated `cstring` argument. However, there is a bug in the implementation that allows the function to continue scanning the `cstring` even after hitting a null terminator. This behavior is incorrect and can lead to undefined behavior or unexpected results.

Summary of the fix:
The fix modifies the `StringView::operator==(const char*)` function to stop the comparison if the null terminator is encountered in the `cstring`. This ensures that the function correctly handles null-terminated strings and avoids scanning beyond the null terminator.

Detailed description of the fix:
The fix for the vulnerability can be seen in the modified `StringView::operator==(const char*)` function:

```cpp
bool StringView::operator==(const char* cstring) const
{
    if (is_null())
        return !cstring;
    if (!cstring)
        return false;
    const char* cp = cstring;
    for (size_t i = 0; i < m_length; ++i) {
        if (!*cp)
            return false;
        if (m_characters[i] != *(cp++))
            return false;
    }
    return !*cp;
}
```

In the fixed code, a check is added after incrementing the `cp` pointer to see if it points to a null terminator (`if (!*cp)`). If a null terminator is encountered, the function returns `false`, indicating that the comparison is not equal. This prevents the function from continuing to scan the `cstring` beyond the null terminator.

This fix ensures that the `StringView::operator==(const char*)` function correctly handles null-terminated strings and avoids unexpected behavior when comparing with such strings.