Vulnerability:
The vulnerability addressed in this patch is an ASAN (AddressSanitizer) null-deference read error. The code tries to free a chunk that has already been freed, leading to a null-deference read.

Summary of the fix:
The fix for this vulnerability involves checking whether the `needs_free` flag is true before attempting to free the chunk. If `needs_free` is true, it means that the chunk needs to be freed, and the fix ensures that the chunk is only freed in that case.

Detailed description of the fix:
At the beginning of the `frame_get_lazychunk` function, the `needs_free` flag is set to false. This flag is later used to determine whether the chunk should be freed. The fix involves replacing the incorrect usage of `needs_free` as a variable with `*needs_free` as a pointer.

Before the fix:
```
if (needs_free) {
  free(*chunk);
  *chunk = NULL;
}
```

After the fix:
```
if (*needs_free) {
  free(*chunk);
  *chunk = NULL;
}
```

By using `*needs_free`, the code correctly checks the value of the `needs_free` flag, allowing the chunk to be freed only when necessary, and preventing the null-deference read error. This fix ensures that the chunk is not freed if it has already been freed, addressing the vulnerability.