Vulnerability:
The vulnerability in the provided diff file is a potential memory leak. In the function `iloc_box_read()`, there are two instances where memory is allocated for `GF_ItemLocationEntry` and `GF_ItemExtentEntry` structures using `gf_malloc()`, but there is no corresponding deallocation of memory. If an error occurs during allocation or if the function returns prematurely, the allocated memory will not be freed, resulting in a memory leak.

Fix:
The fix for the vulnerability is to deallocate the memory for `GF_ItemLocationEntry` and `GF_ItemExtentEntry` structures if an error occurs during allocation or if the function returns prematurely. This ensures that the allocated memory is properly freed and prevents memory leaks.

Detailed Fix:
1. Inside the `for` loop for `item_count`, add a check after allocating memory for `GF_ItemLocationEntry`:
```c
GF_ItemLocationEntry *location_entry;
GF_SAFEALLOC(location_entry, GF_ItemLocationEntry);
if (!location_entry) {
    // Free previously allocated memory
    gf_list_del(ptr->location_entries);
    return GF_OUT_OF_MEM;
}
```
2. Inside the `for` loop for `extent_count`, add a check after allocating memory for `GF_ItemExtentEntry`:
```c
GF_ItemExtentEntry *extent_entry;
GF_SAFEALLOC(extent_entry, GF_ItemExtentEntry);
if (!extent_entry) {
    // Free previously allocated memory
    gf_list_del(location_entry->extent_entries);
    gf_list_del(ptr->location_entries);
    return GF_OUT_OF_MEM;
}
```