Vulnerability:
In the code snippet, there is a vulnerability in the `SamsungV2Decompressor::decompressRow()` function. Specifically, in the complex case where `motion != 7`, there are two lines of code that can result in a read out-of-bounds error. These lines check if `col == 0` and if `img_up` or `img_up2` is greater than `refpixel`. If these conditions are met, an exception is thrown indicating a "Bad motion X at the beginning of the row". This vulnerability could potentially lead to a crash or other unintended behavior of the program.

Summary of the fix:
The fix involves modifying the code to ensure that the read out-of-bounds condition is not reached. This can be achieved by properly checking the boundaries in the `if` statements and handling the edge cases appropriately.

Detailed description of the fix:
1. In the `if ((row + i) & 0x1)` condition, where red or blue pixels are being processed, the fix checks if `col == 0` and if `img_up2 > refpixel`. If these conditions are met, an exception is thrown. To fix this, the condition should be modified to check if `col > 0` before checking `img_up2 > refpixel`. This ensures that the out-of-bounds access is not made at the beginning of the row.

Fixed code snippet:
```cpp
        if ((row + i) & 0x1) {
          // Red or blue pixels use same color two lines up
          if (col > 0 && img_up2 > refpixel)
            ThrowRDE("Bad motion %u at the beginning of the row", motion);
          refpixel = img_up2 + i + slideOffset;
        } else {
          // Green pixel N uses Green pixel N from row above
          // (top left or top right)
          if (col > 0 && img_up > refpixel)
            ThrowRDE("Bad motion %u at the beginning of the row", motion);
          refpixel = img_up + i + slideOffset + (((i % 2) != 0) ? -1 : 1);
        }
```

2. Similarly, in the `if (motion == 7)` condition, the fix checks if `col == 0` and if `img_up` is greater than `refpixel`. If these conditions are met, an exception is thrown. To fix this, the condition should be modified to check if `col > 0` before checking `img_up > refpixel`. This ensures that the out-of-bounds access is not made at the beginning of the row.

Fixed code snippet:
```cpp
        if (motion == 7) {
          // The base case, just set all pixels to the previous ones on the same
          // line If we're at the left edge we just start at the initial value
          for (uint32 i = 0; i < 16; i++)
            img[i] = (col == 0) ? initVal : *(img + i - 2);
        }
```

3. Additional checks may be required to handle other edge cases and ensure that out-of-bounds access does not occur in other parts of the code. However, without the complete context of the code, it is not possible to provide a complete fix. It is recommended to thoroughly review the code and perform proper boundary checks to prevent out-of-bounds accesses.