Vulnerability:
The vulnerability that could be patched in the given diff file is missing input length validation for the "resolve", "browse", and "service" commands in the DNS functionality of the CLI application.

Summary of the fix:
The fix adds input length validation for the "resolve", "browse", and "service" commands in the DNS functionality of the CLI application. The fix verifies that the number of provided arguments is at least 2 for the "resolve" and "browse" commands, and at least 3 for the "service" command. If the input length is not met, an error indicating invalid arguments is returned.

Detailed description of the fix:
1. The fix introduces a validation check for the "resolve" command: 
```
+        VerifyOrExit(aArgsLength >= 2, error = OT_ERROR_INVALID_ARGS);
```
This line ensures that the number of provided arguments is at least 2 for the "resolve" command. If the condition is not met, the "error" variable is set to "OT_ERROR_INVALID_ARGS" indicating an error with the provided arguments.

2. The fix introduces a validation check for the "browse" command: 
```
+        VerifyOrExit(aArgsLength >= 2, error = OT_ERROR_INVALID_ARGS);
```
This line ensures that the number of provided arguments is at least 2 for the "browse" command. If the condition is not met, the "error" variable is set to "OT_ERROR_INVALID_ARGS" indicating an error with the provided arguments.

3. The fix introduces a validation check for the "service" command: 
```
+        VerifyOrExit(aArgsLength >= 3, error = OT_ERROR_INVALID_ARGS);
```
This line ensures that the number of provided arguments is at least 3 for the "service" command. If the condition is not met, the "error" variable is set to "OT_ERROR_INVALID_ARGS" indicating an error with the provided arguments.

4. The fix handles the error condition in case of invalid command:
```
     else
     {
         ExitNow(error = OT_ERROR_INVALID_COMMAND);
     }
```
If none of the above conditions are met, the fix sets the "error" variable to "OT_ERROR_INVALID_COMMAND" indicating an invalid command.

These modifications ensure that the "resolve", "browse", and "service" commands in the DNS functionality are provided with the required number of arguments, preventing potential issues arising from invalid input.