Vulnerability:
The vulnerability patched in this diff file is related to a potential out-of-bounds read and memory corruption. It can be triggered by providing illegal or fuzzed input to the `dxf_tables_read` function.

Summary of the Fix:
The fix in this commit adds additional type protections to handle illegal or fuzzed input correctly. It ensures the code properly handles different cases related to reading table names and entries.

Detailed Description of the Fix:
1. The fix starts by initializing the `table` variable to an empty string using the `table[0] = '\0';` statement.
2. Inside the loop, the code checks for `pair` objects with a code value of 0 and a non-null string value. Depending on the string value, different actions are taken.
3. If the string value is "TABLE", the `table` variable is reset to an empty string using `table[0] = '\0';`, indicating that a new table is coming up.
4. If the string value is "BLOCK_RECORD", the `table` variable is updated with the value of `pair->value.s`.
5. If the string value is "ENDTAB", the `table` variable is reset to an empty string, indicating that the current table is being closed.
6. If the string value is "ENDSEC", the function returns 0, indicating the end of the section.
7. For any other string value, an error message is logged, and the function returns 1 to indicate an error.
8. If the `pair` object has a code value of 2 and a non-null string value with a length less than 80, the code checks if the string value represents a valid table name using the `is_table_name` function.
9. If the string value is a valid table name, the `table` variable is updated with the value of `pair->value.s`.
10. The code then calls the `new_table_control` function with the `table` value, `dat`, and `dwg` arguments. It also updates the `ctrl_id` variable with the index of the newly created object (dwg->num_objects - 1).
11. Inside a nested loop, the code continues creating new objects using the `new_object` function as long as the `pair` object has a code value of 0, a non-null string value, and the string value is equal to the `table` value.
12. Depending on the `table` value, specific operations are performed to handle the created objects. These operations involve manipulating handles and references stored in data structures.
13. After the nested loop, the code performs some fixup operations on the entries of the control object corresponding to the `ctrl_id`.
14. It iterates over the entries in reverse order and checks if an entry is empty (has a null reference). If an empty entry is found:
  - If it is at the end of the entries list, the `num_entries` variable is decremented.
  - Otherwise, the empty entry is replaced with a new handle reference created using `dwg_add_handleref`.
15. If there were any changes to the entries (i.e., `num_entries` is different from the original value), the memory for the entries array is reallocated accordingly, and the `num_entries` variable is updated. Additionally, if there is only one entry left and it is empty, it is replaced with a new handle reference.
16. The fix concludes by cleaning up resources and returning 0 to indicate success.

Overall, the fix improves the handling of table names, object creation, and entry fix-up, ensuring correct behavior when encountering illegal or fuzzed input.