Vulnerability:
The vulnerability in the code is a null reference write in the function `MqttClient_WaitType`. Specifically, the vulnerable code is:

```c
if ((wait_type == MQTT_PACKET_TYPE_ANY ||
    wait_type == packet_type ||
    (MqttIsPubRespPacket(packet_type) &&
    MqttIsPubRespPacket(wait_type))) &&
    (wait_packet_id == 0 || wait_packet_id == packet_id))
{
    use_packet_obj = packet_obj;
    waitMatchFound = 1;
}
```

In this code, the condition `MqttIsPubRespPacket(packet_type)` is dereferencing a pointer without checking if it is null, which can lead to a null reference write.

Fix Summary:
The fix for this vulnerability is to include a null check before dereferencing the pointer. Specifically, the fix is:

```c
if ((wait_type == MQTT_PACKET_TYPE_ANY ||
    wait_type == packet_type ||
    ((MqttIsPubRespPacket(packet_type) &&
    (MqttIsPubRespPacket(wait_type) || !packet_obj)))) &&
    (wait_packet_id == 0 || wait_packet_id == packet_id))
{
    ...
}
```

Fix Description:
The fix includes a null check for the `packet_obj` pointer before checking `MqttIsPubRespPacket(packet_type)`. If `packet_obj` is null, the condition `(MqttIsPubRespPacket(wait_type) || !packet_obj)` is evaluated as true, ensuring that the null reference write vulnerability is avoided. The rest of the code remains unchanged.

By including this null check, the code ensures that the pointer is valid before dereferencing it, preventing the null reference write vulnerability.