Vulnerability:
The vulnerability that could be patched in the given diff file is an out-of-bounds read. Specifically, in the function `MathVariants::collect_coverage_and_indices()`, the `for` loop iterates over elements in `this+coverage` without checking the bounds. This could result in reading beyond the end of the array if `i >= end_index`. Additionally, in the same function, there is a missing check for a null `coverage` value before proceeding with the loop.

Summary of the fix:
The fix in this patch includes two changes. First, a check for a null `coverage` value is added at the beginning of the `collect_coverage_and_indices()` function, and if the value is null, the function immediately returns. This prevents accessing `this+coverage` when `coverage` is null. Second, an additional check is added in the `for` loop to exit the loop if `i >= end_index`. This ensures that the loop does not iterate beyond the valid range.

Detailed description of the fix:
1. In the function `MathVariants::collect_coverage_and_indices()`, add a check for a null `coverage` value at the beginning of the function:
   - Insert the following code snippet before the `for` loop:
     ```
     if (!coverage) return;
     ```

2. In the `for` loop in the same function, add a check to exit the loop if `i >= end_index`:
   - Replace the existing line:
     ```
     for (const auto _ : (this+coverage).iter ())
     ```
     with the following code snippet:
     ```
     for (const auto _ : (this+coverage).iter ()) {
       if (i >= end_index) return;
       // Rest of the loop code
     }
     ```