Vulnerability:
There is a vulnerability in the `btf_fixup_datasec` function of `libbpf.c` file. The vulnerability involves not properly checking for a NULL pointer before accessing its members. Specifically, there is a missing NULL check for the `t_var` variable before accessing it.

Summary of the fix:
To fix the vulnerability, the code should include a NULL check for the `t_var` variable before accessing its members.

Detailed description of the fix:
The fix involves adding a NULL check for the `t_var` variable before accessing its members. The code should be modified as follows:

```diff
 	for (i = 0, vsi = btf_var_secinfos(t); i < vars; i++, vsi++) {
 		t_var = btf__type_by_id(btf, vsi->type);
-		var = btf_var(t_var);
-
-		if (!btf_is_var(t_var)) {
+		if (!t_var || !btf_is_var(t_var)) {
+			pr_debug("Non-VAR type seen in section %s\n", name);
+			return -EINVAL;
+		}
 
+		var = btf_var(t_var);
 		if (var->linkage == BTF_VAR_STATIC)
 			continue;
```

The added check `if (!t_var || !btf_is_var(t_var))` ensures that `t_var` is not NULL before proceeding with further operations. If `t_var` is NULL or not a variable type, the function returns an error code `-EINVAL`. This fix prevents a potential NULL pointer dereference and improves the overall safety and correctness of the code.