Vulnerability:
The vulnerability in the given diff file is a heap-buffer overflow in the `cieLabToRGB` method of the `GrkImage_Conversion.cpp` file. 

Summary of the Fix:
The fix addresses the heap-buffer overflow vulnerability by implementing the necessary checks and adding proper error handling in the code.

Detailed Description of the Fix:
1. The code now checks if the number of components (`numcomps`) is less than 3 and returns an error if it is not, with a warning message.

2. If the number of components is greater than 3, the code prints a warning message, but the extra components are ignored.

3. The code checks if all the components have the same dimensions, precision, and sign. If not, it returns an error with a warning message.

4. The code now checks the first element of the `row` array (interpreted as `enumcs`) to determine if the color space is CIELab. If not, it prints a warning message and returns an error.

5. The code sets the `defaultType` flag based on whether the `row[1]` value is equal to `GRK_DEFAULT_CIELAB_SPACE`. This flag is used to determine the range, offset, and precision for the L, a, and b coordinates.

6. The code initializes the Lab input profile (`in`) with the illuminant value obtained from `row[8]`. It also creates the sRGB output profile (`out`).

7. A color transformation (`transform`) is created using the Lab input profile (`in`) and the sRGB output profile (`out`), with the perceptual intent.

8. The code checks if the color transformation (`transform`) was created successfully. If not, it returns an error.

9. The code sets the `L`, `a`, and `b` pointers to point to the respective component data arrays.

10. The code initializes the `dest_img` (destination image) with three components for red, green, and blue.

11. The code sets the `red`, `green`, and `blue` pointers to point to the data arrays of the destination image components.

12. The code calculates the minimum and maximum values for L, a, and b based on the range and precision values.

13. The code iterates over each pixel in the image and applies the color transformation (`transform`) to convert the Lab values to sRGB values. The resulting RGB values are stored in the destination image.

14. After the conversion is complete, the code frees the source image component data and assigns the destination image component data to the source image components.

15. The code sets `numcomps` to 3 (as the destination image has three components).

16. Finally, the code cleans up the destination image by setting the component data pointers to null and releasing the memory.

Note: The fixed code snippet provided does not include the entire file and may be part of a larger codebase. There may be other changes and fixes in other parts of the code that are not shown in the provided diff.