Vulnerability:
The vulnerability that could be patched in the given diff file is a missing argument check for certain functions. Specifically, for the functions `fP`, `fS`, `fU`, `fV`, and `fUP`, the code does not check if the required arguments are missing.

Summary of Fix:
The fix addresses this vulnerability by adding checks for missing arguments for the mentioned functions. If a required argument is missing, an exception is thrown.

Detailed Description of Fix:
1. In the function `GetFunction`, after the switch statement for `FndArgs`, the following code has been added to check if a required argument is missing:
   ```diff
   +if (ndx1 != NULL_ADDRESS) {
   +  (void) ThrowMagickException (
   +    pfx->exception, GetMagickModule(), OptionError,
   +    "For function", "'%s' required argument is missing at '%s'",
   +    funStr, SetShortExp(pfx));
   +  return MagickFalse;
   +}
   +if (ndx2 != NULL_ADDRESS) {
   +  (void) ThrowMagickException (
   +    pfx->exception, GetMagickModule(), OptionError,
   +    "For function", "'%s' required argument is missing at '%s'",
   +    funStr, SetShortExp(pfx));
   +  return MagickFalse;
   +}
   +if (ndx3 != NULL_ADDRESS) {
   +  (void) ThrowMagickException (
   +    pfx->exception, GetMagickModule(), OptionError,
