Vulnerability:
The vulnerability in the given diff file is the use of an uninitialized value in the function `buffer_and_nest` in the file `macro.c`.

Summary of the fix:
The fix involves adding a sanity check for the length of the buffer before calling the `strncasecmp` function.

Detailed description of the fix:
1. In the `buffer_and_nest` function, a variable `len` is declared to store the length of the remaining characters in the buffer starting from index `i`.
```
+  size_t len = ptr->len - i;
```

2. The condition that checks if the `from` value matches the substring starting from index `i` is modified to also check if the remaining length `len` is greater than or equal to the length of `from`.
```
   if ((from != NULL
-       ? strncasecmp (ptr->ptr + i, from, from_len) == 0
+       ? (len >= from_len && strncasecmp (ptr->ptr + i, from, from_len) == 0)
        : from_len > 0)
```

3. Similarly, the condition that checks if the `to` value matches the substring starting from index `i` is modified to also check if the remaining length `len` is greater than or equal to the length of `to`.
```
   if (len >= to_len
       && strncasecmp (ptr->ptr + i, to, to_len) == 0
       && (len == to_len
          || ! (is_part_of_name (ptr->ptr[i + to_len])
                || is_name_ender (ptr->ptr[i + to_len]))))
```

4. This fix ensures that the `strncasecmp` function is not called with uninitialized values and prevents potential undefined behavior.
