Vulnerability:
The vulnerability that could be patched in the provided diff file is an improper allocation and initialization of the conversation key in the `conversation_new_by_id` function. The original code overloads the `conversation_key_t` by directly assigning an array of `conversation_element_t` to it, which is not a correct and safe approach.

Summary of the Fix:
The fix addresses the issue by allocating memory for the conversation elements array and properly initializing its elements before assigning it to the conversation key. This ensures the conversation key is correctly allocated and avoids potential memory corruption.

Detailed Description of the Fix:
1. The previous code had a declaration of an array `conversation_element_t elements[2]` that was never used. This array is removed in the fix.
```diff
-    conversation_element_t elements[2] = {
-        { CE_UINT, .uint_val = id },
-        { CE_ENDPOINT, .endpoint_type_val = etype }
-    };
```

2. Memory is allocated for the `elements` array using the `wmem_alloc` function, which allocates memory from the file scope memory pool.
```diff
+    conversation_element_t *elements = wmem_alloc(wmem_file_scope(), sizeof(conversation_element_t) * 2);
+    elements[0].type = CE_UINT;
+    elements[0].uint_val = id;
+    elements[1].type = CE_ENDPOINT;
+    elements[1].endpoint_type_val = etype;
```

3. The conversation key is assigned with the address of the allocated `elements` array.
```diff
   conversation->key_ptr = (conversation_key_t) elements;
```

By making these changes, the fix ensures proper memory allocation and initialization of the conversation key, removing the vulnerability.