Vulnerability:
The vulnerability patched in this diff file is a potential security issue related to forged profiles with bad matrices.

Summary of the fix:
The fix adds a check to ensure that the matrices used in the pipeline are suitable for RGB to RGB color transformations. Additionally, it checks that the input matrix offset is zero to prevent any potential issues.

Detailed description of the fix:
1. The code first checks if the color space conversion is from RGB to RGB by comparing the number of input and output channels. If the number of channels is not 3 for either the input or output, the function returns FALSE, indicating that the optimization cannot be applied.

2. Next, it checks if the input format is 8-bit. If the input format is not 8-bit, the function returns FALSE.

3. If the color space conversion is suitable and the input format is 8-bit, the code proceeds to examine the pipeline stages to determine if the optimization can be applied.

4. There are two possible constructs that can be optimized:
   a. shaper-matrix-matrix-shaper
   b. shaper-matrix-shaper

   For the first construct, the code checks if the input matrix offset is zero. If the input matrix offset is not zero, the function returns FALSE.

5. If the optimization condition is met, the code multiplies the two matrices to get the result matrix.

6. The code then checks if the result matrix is the identity matrix and if the offset of the second matrix is zero. If both conditions are met, the code sets the `IdentityMat` flag to true, indicating that the full matrix can be eliminated.

7. If the first construct is not found, the code checks for the second construct. It copies the matrix to the `res` variable and preserves the offset.

8. If neither construct is found, the function returns FALSE, indicating that the optimization cannot be applied.

9. If the optimization is applicable, an empty lookup table (LUT) is allocated.

10. The new LUT is assembled by adding the necessary stages: `Curve1` at the beginning, the matrix (if `IdentityMat` is false), and `Curve2` at the end.

11. If `IdentityMat` is true, indicating the matrix is the identity matrix, the code calls the `OptimizeByJoiningCurves` routine to further optimize the curves.

12. If `IdentityMat` is false, indicating the presence of a non-identity matrix, the code sets up the optimization routines by calling the `SetMatShaper` function and passing the necessary parameters.

13. Finally, the old pipeline is freed, the new pipeline is assigned to the original pointer `Lut`, and the function returns TRUE to indicate a successful optimization.