Vulnerability:

The vulnerability that could be patched in this diff file is a use-of-uninitialized-value error.

Short summary of the fix:

The fix ensures that the variable `l1` is checked for non-zero value before accessing elements of `s2` to prevent the use of uninitialized values.

Detailed description of the fix:

In the original code, `l1` is used to determine the length of string `s1`. Then, it is compared with the length of string `s2` to check if they have a common substring. If `l1` is less than or equal to `l2` and the last characters of `s1` and `s2` are the same, the function returns 1.

However, there is a missing check for the non-zero value of `l1`. In cases where `l1` is uninitialized or zero, accessing `s2[l1 - 1]` would result in undefined behavior.

The fix introduces an additional condition `l1` in the if statement to ensure that `l1` is non-zero before accessing `s2[l1 - 1]`. This prevents the use of uninitialized values and ensures correct behavior of the function.

The updated code snippet with the fix is as follows:

```cpp
int SuggestMgr::leftcommonsubstring(const char* s1, const char* s2) {
  if (complexprefixes) {
    int l1 = strlen(s1);
    int l2 = strlen(s2);
    if (l1 && l1 <= l2 && s2[l1 - 1] == s2[l2 - 1])
      return 1;
  } else if (csconv) {
    const char* olds = s1;
    // decapitalise dictionary word
    if ((*s1 != *s2) && (*s1 != csconv[((unsigned char)*s2)].clower))
      return 0;
    do {
      s1++;
      s2++;
    } while ((*s1 == *s2) && (*s1 != '\0'));
    return (int)(s1 - olds);
  }
  return 0;
}
```

With this fix, the function now checks that `l1` is non-zero before comparing `s2[l1 - 1]` with `s2[l2 - 1]`, addressing the use-of-uninitialized-value vulnerability.