Vulnerability:
The vulnerability in the code is that it uses the variable "prev_fd" before checking if it is NULL in two places. This can lead to a null pointer dereference if "prev_fd" is NULL when it is accessed.

Summary of the Fix:
The fix addresses the vulnerability by adding null checks before accessing the "prev_fd" variable.

Detailed Description of the Fix:
1. In the first instance, where "prev_fd" is used, the fix adds a null check before accessing the variable. Here is the updated code:
```
if (prev_fd) {
    prev_fd->next = NULL;
} else {
    fh->next = NULL;
}
```
2. In the second instance, where "prev_fd" is used again, the fix adds a null check before accessing the variable. Here is the updated code:
```
if (prev_fd) {
    prev_fd->next = NULL;
} else {
    fh->next = NULL;
}
```
After applying the fix, the code now verifies if "prev_fd" is NULL before accessing it, preventing any potential null pointer dereference issues.