Vulnerability:
The vulnerability in the provided diff file is that the code does not allocate enough memory for the 'compressed' string to hold the compressed data. As a result, when the compressed data is larger than the allocated memory, it overflows the allocated buffer, leading to undefined behavior.

Summary of the fix:
The fix in the diff file increases the size of the 'compressed' buffer from 1024 * 1024 to 1024 * 1280 to allow enough memory for the compressed data.

Detailed description of the fix:
1. In the original code, the 'compressed' buffer is declared with a size of 1024 * 1024, which is not sufficient to hold the compressed data if it's about 9/8 the size of the decompressed string.
```
static uint8_t compressed[1024 * 1024] = {0};
```

2. The fix modifies the code to increase the size of the 'compressed' buffer to 1024 * 1280. This provides enough memory to accommodate the expected size of the compressed data.
```
static uint8_t compressed[1024 * 1280] = {0};
```

3. With the increased size of the 'compressed' buffer, the code can now handle larger compressed data without overflowing the buffer.

4. Additionally, the fix includes error handling for compressing the data. If the compression operation fails (compressed_size < 0), the code calls the `abort()` function to terminate the program immediately.
```
if (compressed_size < 0) {
    abort();
}
```

5. This error handling ensures that if there is an issue with the compression operation, the program is terminated, preventing potential undefined behavior or security vulnerabilities.
