Vulnerability:
The vulnerability that could be patched in the provided diff file is an out-of-bounds read in the `get_utf_8_string` function in the `epan/charsets.c` file.

Summary of Fix:
The fix adds a bounds check to ensure that the current buffer position is within the valid length. This prevents reading beyond the bounds of the input buffer.

Detailed Description of Fix:
1. Prior to the fix, the code initializes a `wmem_strbuf_t` object named `str` to store the UTF-8 string.
2. The code then enters a loop that iterates over the input buffer, `ptr`, until the `length` becomes zero.
3. Inside the loop, the code uses the `utf_8_validate` function to determine the number of valid bytes in the UTF-8 sequence starting at `ptr`. The previous buffer position is stored in the `prev` variable.
4. If there are valid bytes, the code appends them to the `str` buffer using `wmem_strbuf_append_len`.
5. The `length` is updated to subtract the valid bytes and the loop continues if there is remaining length.
6. If there is remaining length, the code checks if there were any bytes processed in the current iteration (ptr - prev != 0). If so, it appends a replacement character to the `str` buffer using `wmem_strbuf_append_unichar_repl`.
7. The loop continues until the `length` becomes zero.
8. Finally, the `str` buffer is finalized and returned as a `guint8` pointer.

The fix modifies the code as follows:
1. Inside the loop, the `prev` declaration is moved to the beginning of the loop to capture the previous buffer position correctly.
2. The `valid_bytes` variable is declared inside the loop to store the result of the `utf_8_validate` function.
3. After calculating the `valid_bytes`, the code updates the `length` to subtract the difference between `ptr` and `prev`.
4. The `prev` is updated by adding the `valid_bytes`.
5. Instead of checking if `ptr - prev` is non-zero, the code checks if `ptr` is different from `prev`. This change ensures correct handling when the valid bytes in the sequence are at the end of the input buffer, preventing a potential infinite loop.
6. The replacement character is appended to the `str` buffer only if `ptr` is different from `prev`.
7. The loop continues until the `length` becomes zero.
8. Finally, the `str` buffer is finalized and returned as a `guint8` pointer.

These changes add a bounds check to the `get_utf_8_string` function, ensuring that the current buffer position (`ptr`) stays within the valid length, preventing an out-of-bounds read.