Vulnerability:
The vulnerability that is being patched in the given diff file is a potential buffer overflow in the `get_utf_8_string` function in `epan/charsets.c` file.

Summary of the Fix:
The fix adds a bounds check to the `get_utf_8_string` function in order to ensure that the buffer position and length are properly checked before further processing.

Detailed Description of the Fix:
1. Before the fix, the function `get_utf_8_string` initializes a string buffer `str` with the given length. It then iterates through the bytes in `ptr`, validating the UTF-8 sequences using the `utf_8_validate` function.
2. Inside the loop, the previous pointer position `prev` is assigned the current value of `ptr`, and the number of valid bytes `valid_bytes` is calculated by calling the `utf_8_validate` function.
3. If there are valid bytes, they are appended to the string buffer `str` using `wmem_strbuf_append_len`.
4. Afterwards, the `length` is reduced by `valid_bytes`, and if there are still bytes remaining, a replacement character is appended to the string buffer using `wmem_strbuf_append_unichar_repl`.
5. The loop continues until the length is zero.
6. After the loop, the function returns the finalized string buffer as a `guint8` pointer.

In the fixed code:
1. The fix introduces a new `prev` pointer and a `valid_bytes` variable inside the loop, just before calling `utf_8_validate`.
2. This change ensures that the previous position `prev` correctly corresponds to the current position before calling `utf_8_validate`.
3. The `valid_bytes` is calculated using `utf_8_validate`, and if there are valid bytes, they are appended to the string buffer `str` as before.
4. The `length` is then updated by subtracting the difference between the current `ptr` and `prev`, which ensures that the correct length is used for further iterations.
5. The `prev` pointer is updated by adding the `valid_bytes` to it to correctly point to the next position.
6. The check for remaining bytes in the buffer is modified to use `ptr - prev`, which gives the correct comparison for the check.
7. If there are remaining bytes, a replacement character is appended to the string buffer as before.
8. The loop continues until the length is zero, and the function returns the finalized string buffer as a `guint8` pointer.

Overall, the fix adds a proper bounds check to ensure that the code does not overflow the buffer and resolves the vulnerability.