Vulnerability:
The vulnerability in the given code can be described as follows:
The function `mosquitto_validate_utf8` is used to validate whether a given UTF-8 string is well-formed or not. However, there is a potential buffer overflow vulnerability in the function.

Fix Summary:
The fix for the vulnerability involves adding an additional check to ensure that there is enough data to reconstruct the full code point. 

Detailed Fix Description:
1.  The fix is applied in the following code block:

    ```diff
    if(i >= len-codelen+1){
        /* Not enough data */
        return MOSQ_ERR_MALFORMED_UTF8;
    }
    ```

    The condition `(i >= len-codelen+1)` is added to check if there is enough data to reconstruct the full code point. If there is not enough data, the function returns `MOSQ_ERR_MALFORMED_UTF8`, indicating a malformed UTF-8 string.

    This check ensures that the function does not access memory beyond the length of the input string, avoiding potential buffer overflow issues.

2.  The function now checks for overlong or out-of-range encodings. However, the validation for a 2-byte sequence (codelen == 2) is not necessary, as it is already covered by the C0 and C1 checks. Therefore, the following code block:

    ```diff
    /*
    if(codelen == 2 && codepoint < 0x0080){
        return MOSQ_ERR_MALFORMED_UTF8;
    }else
    */
    ```

    is commented out.

3.  The other checks in the code remain the same and validate for various conditions such as invalid byte sequences, UTF-16 surrogates, non-characters, control characters, etc.

The combination of these fixes ensures that the `mosquitto_validate_utf8` function correctly validates UTF-8 strings and eliminates the potential buffer overflow vulnerability.