Vulnerability:
The vulnerability in the given diff file is that the `sess` pointer is not set to NULL after freeing it in the `tls_decrypt_ticket` function. This can lead to a use-after-free vulnerability if the `sess` pointer is being accessed or used after it has been freed.

Fix Summary:
The fix for this vulnerability is to explicitly set the `sess` pointer to NULL after freeing it.

Detailed Fix:
The fix for the vulnerability in the `tls_decrypt_ticket` function is to add a line of code to set the `sess` pointer to NULL after freeing it. The fixed code snippet is as follows:

```
...
     if (sess) {
         /* Some additional consistency checks */
         if (slen != 0) {
             SSL_SESSION_free(sess);
             sess = NULL; // Set sess to NULL after freeing it
             ret = SSL_TICKET_NO_DECRYPT;
             goto end;
         }
         /*
          * The session ID, if non-empty, is used by some clients to detect
          * that the ticket has been accepted. So we copy it to the session
          * structure. If it is empty set length to zero as required by
          * standard.
          */
         if (sesslen) {
             memcpy(sess->session_id, sess_id, sesslen);
             sess->session_id_length = sesslen;
         }
         if (renew_ticket)
             ret = SSL_TICKET_SUCCESS_RENEW;
         else
             ret = SSL_TICKET_SUCCESS;
         goto end;
     }
     ERR_clear_error();
     /*
      * For session parse failure, indicate that we need to send a new ticket.
      */
     ret = SSL_TICKET_NO_DECRYPT;

     // Add the following line to set sess to NULL after freeing it
     sess = NULL;

  end:
     EVP_CIPHER_CTX_free(ctx);
...
```

After applying this fix, the `sess` pointer is explicitly set to NULL after freeing it, ensuring that it is not accessed or used after being freed, thereby eliminating the use-after-free vulnerability.