Vulnerability:
The vulnerability in the given diff file is the missing initialization of the `displacementOffset` and `immediateOffset` fields in the `InternalInstruction` structure. These fields are used to keep track of the offsets from the start of the instruction to the pieces of data needed to find relocation entries for adding symbolic operands. Without proper initialization, these fields may contain garbage values, leading to incorrect calculation of the offsets and potentially causing memory access errors or security vulnerabilities.

Summary of the Fix:
The fix initializes the `displacementOffset` and `immediateOffset` fields to 0 in the `InternalInstruction` structure. This ensures that the offsets are correctly calculated and used throughout the code.

Detailed Description of the Fix:
In the `InternalInstruction` structure, two new fields `displacementOffset` and `immediateOffset` are added. These fields are used to store the offsets from the start of the instruction to the displacement and immediate data, respectively.

To fix the vulnerability, the `displacementOffset` and `immediateOffset` fields should be correctly initialized to 0 during the initialization of the `InternalInstruction` structure.

The fixed code snippet is as follows:

```c
struct InternalInstruction {
  // other fields ...

  uint8_t displacementOffset;
  uint8_t immediateOffset;

  // other fields ...
}

// Inside the function `decodeInstruction`
InternalInstruction* insn = ...;

// Initialize the displacementOffset and immediateOffset fields to 0
insn->displacementOffset = 0;
insn->immediateOffset = 0;
```

By properly initializing the `displacementOffset` and `immediateOffset` fields to 0, the code ensures that the offsets are correctly calculated and avoids any potential memory access errors or security vulnerabilities.